<?xml version="1.0" encoding="UTF-8"?>
<testng-results skipped="0" failed="0" ignored="0" total="1" passed="1">
  <reporter-output>
  </reporter-output>
  <suite name="Default suite" duration-ms="8047" started-at="2019-10-11T08:47:00Z" finished-at="2019-10-11T08:47:08Z">
    <groups>
    </groups>
    <test name="Default test" duration-ms="8047" started-at="2019-10-11T08:47:00Z" finished-at="2019-10-11T08:47:08Z">
      <class name="test.xmlTest">
        <test-method status="PASS" signature="test()[pri:0, instance:test.xmlTest@6b1274d2]" name="test" duration-ms="8011" started-at="2019-10-11T08:47:00Z" finished-at="2019-10-11T08:47:08Z">
          <reporter-output>
          </reporter-output>
        </test-method> <!-- test -->
      </class> <!-- test.xmlTest -->
    </test> <!-- Default test -->
  </suite> <!-- Default suite -->
</testng-results>
